VM start event not sent yet: dropping APPDOMAIN_CREATE
[0000000000001994] Thread started, obj=0000015AEB980130, tls=0000015AEC45C000.
VM start event not sent yet: dropping THREAD_START
[0000000000001994] Suspended.
[0000000000001994] Resumed.
VM start event not sent yet: dropping ASSEMBLY_LOAD
VM start event not sent yet: dropping TYPE_LOAD
VM start event not sent yet: dropping TYPE_LOAD
VM start event not sent yet: dropping TYPE_LOAD
VM start event not sent yet: dropping TYPE_LOAD
VM start event not sent yet: dropping TYPE_LOAD
VM start event not sent yet: dropping TYPE_LOAD
VM start event not sent yet: dropping TYPE_LOAD
VM start event not sent yet: dropping TYPE_LOAD
[0000000000004A84] Thread started, obj=0000015AEB980278, tls=0000015AEC4AEAF0.
VM start event not sent yet: dropping THREAD_START
[0000000000004A84] Suspended.
[0000000000004A84] Resumed.
Debugger client is not connected: dropping VM_START
[dbg] Agent thread started, pid=00000000000041A4
VM start event not sent yet: dropping APPDOMAIN_CREATE
VM start event not sent yet: dropping TYPE_LOAD
VM start event not sent yet: dropping TYPE_LOAD
VM start event not sent yet: dropping TYPE_LOAD
VM start event not sent yet: dropping TYPE_LOAD
VM start event not sent yet: dropping TYPE_LOAD
VM start event not sent yet: dropping TYPE_LOAD
VM start event not sent yet: dropping TYPE_LOAD
VM start event not sent yet: dropping TYPE_LOAD
VM start event not sent yet: dropping ASSEMBLY_LOAD
VM start event not sent yet: dropping ASSEMBLY_LOAD
VM start event not sent yet: dropping TYPE_LOAD
[0000000000003FF8] Thread started, obj=0000015AEB980508, tls=0000015AF5001A20.
VM start event not sent yet: dropping THREAD_START
[0000000000003FF8] Suspended.
[0000000000003FF8] Resumed.
VM start event not sent yet: dropping TYPE_LOAD
VM start event not sent yet: dropping TYPE_LOAD
VM start event not sent yet: dropping TYPE_LOAD
VM start event not sent yet: dropping TYPE_LOAD
VM start event not sent yet: dropping TYPE_LOAD
VM start event not sent yet: dropping TYPE_LOAD
VM start event not sent yet: dropping TYPE_LOAD
VM start event not sent yet: dropping TYPE_LOAD
VM start event not sent yet: dropping TYPE_LOAD
VM start event not sent yet: dropping TYPE_LOAD
VM start event not sent yet: dropping TYPE_LOAD
VM start event not sent yet: dropping TYPE_LOAD
VM start event not sent yet: dropping TYPE_LOAD
VM start event not sent yet: dropping TYPE_LOAD
VM start event not sent yet: dropping TYPE_LOAD
VM start event not sent yet: dropping TYPE_LOAD
VM start event not sent yet: dropping TYPE_LOAD
VM start event not sent yet: dropping TYPE_LOAD
VM start event not sent yet: dropping TYPE_LOAD
VM start event not sent yet: dropping TYPE_LOAD
VM start event not sent yet: dropping TYPE_LOAD
VM start event not sent yet: dropping TYPE_LOAD
VM start event not sent yet: dropping TYPE_LOAD
VM start event not sent yet: dropping TYPE_LOAD
VM start event not sent yet: dropping ASSEMBLY_UNLOAD
VM start event not sent yet: dropping ASSEMBLY_UNLOAD
VM start event not sent yet: dropping APPDOMAIN_UNLOAD
[0000000000003FF8] Thread terminated, obj=0000015AEB980508, tls=0000015AF5001A20 (domain=0000015AEC348AE0).
VM start event not sent yet: dropping THREAD_DEATH
VM start event not sent yet: dropping TYPE_LOAD
VM start event not sent yet: dropping TYPE_LOAD
VM start event not sent yet: dropping TYPE_LOAD
VM start event not sent yet: dropping TYPE_LOAD
VM start event not sent yet: dropping TYPE_LOAD
VM start event not sent yet: dropping TYPE_LOAD
VM start event not sent yet: dropping TYPE_LOAD
VM start event not sent yet: dropping TYPE_LOAD
VM start event not sent yet: dropping TYPE_LOAD
VM start event not sent yet: dropping TYPE_LOAD
VM start event not sent yet: dropping TYPE_LOAD
VM start event not sent yet: dropping TYPE_LOAD
VM start event not sent yet: dropping TYPE_LOAD
VM start event not sent yet: dropping TYPE_LOAD
VM start event not sent yet: dropping TYPE_LOAD
VM start event not sent yet: dropping TYPE_LOAD
VM start event not sent yet: dropping TYPE_LOAD
VM start event not sent yet: dropping TYPE_LOAD
VM start event not sent yet: dropping TYPE_LOAD
VM start event not sent yet: dropping TYPE_LOAD
VM start event not sent yet: dropping TYPE_LOAD
VM start event not sent yet: dropping TYPE_LOAD
VM start event not sent yet: dropping TYPE_LOAD
VM start event not sent yet: dropping TYPE_LOAD
VM start event not sent yet: dropping TYPE_LOAD
VM start event not sent yet: dropping TYPE_LOAD
VM start event not sent yet: dropping TYPE_LOAD
[0000000000004A84] Thread terminated, obj=0000015AEB980278, tls=0000015AEC4AEAF0 (domain=0000015AEC348AE0).
VM start event not sent yet: dropping THREAD_DEATH
VM start event not sent yet: dropping VM_DEATH
Accepted connection on -1
[dbg] Bad client connection
[dbg] Can't attach, aborting debugger thread.
[dbg] Debugger thread exited.
